Using pre-set license
Built from '2022.3/staging' branch; Version is '2022.3.16f1 (d2c21f0ef2f1) revision 13812255'; Using compiler version '192829333'; Build Type 'Release'
OS: 'Windows 10  (10.0.17134) 64bit Core' Language: 'en' Physical Memory: 7644 MB
BatchMode: 1, IsHumanControllingUs: 0, StartBugReporterOnCrash: 0, Is64bit: 1, IsPro: 1

COMMAND LINE ARGUMENTS:
C:\Program Files\Unity\Hub\Editor\2022.3.16f1\Editor\Unity.exe
-adb2
-batchMode
-noUpm
-name
AssetImportWorker4
-projectPath
C:/Users/Usuario/Documents/GitHub/Gun-Gale-Infinity
-logFile
Logs/AssetImportWorker4.log
-srvPort
53705
Successfully changed project path to: C:/Users/Usuario/Documents/GitHub/Gun-Gale-Infinity
C:/Users/Usuario/Documents/GitHub/Gun-Gale-Infinity
[UnityMemory] Configuration Parameters - Can be set up in boot.config
    "memorysetup-bucket-allocator-granularity=16"
    "memorysetup-bucket-allocator-bucket-count=8"
    "memorysetup-bucket-allocator-block-size=33554432"
    "memorysetup-bucket-allocator-block-count=8"
    "memorysetup-main-allocator-block-size=16777216"
    "memorysetup-thread-allocator-block-size=16777216"
    "memorysetup-gfx-main-allocator-block-size=16777216"
    "memorysetup-gfx-thread-allocator-block-size=16777216"
    "memorysetup-cache-allocator-block-size=4194304"
    "memorysetup-typetree-allocator-block-size=2097152"
    "memorysetup-profiler-bucket-allocator-granularity=16"
    "memorysetup-profiler-bucket-allocator-bucket-count=8"
    "memorysetup-profiler-bucket-allocator-block-size=33554432"
    "memorysetup-profiler-bucket-allocator-block-count=8"
    "memorysetup-profiler-allocator-block-size=16777216"
    "memorysetup-profiler-editor-allocator-block-size=1048576"
    "memorysetup-temp-allocator-size-main=16777216"
    "memorysetup-job-temp-allocator-block-size=2097152"
    "memorysetup-job-temp-allocator-block-size-background=1048576"
    "memorysetup-job-temp-allocator-reduction-small-platforms=262144"
    "memorysetup-allocator-temp-initial-block-size-main=262144"
    "memorysetup-allocator-temp-initial-block-size-worker=262144"
    "memorysetup-temp-allocator-size-background-worker=32768"
    "memorysetup-temp-allocator-size-job-worker=262144"
    "memorysetup-temp-allocator-size-preload-manager=33554432"
    "memorysetup-temp-allocator-size-nav-mesh-worker=65536"
    "memorysetup-temp-allocator-size-audio-worker=65536"
    "memorysetup-temp-allocator-size-cloud-worker=32768"
    "memorysetup-temp-allocator-size-gi-baking-worker=262144"
    "memorysetup-temp-allocator-size-gfx=262144"
Player connection [14604] Host "[IP] 192.168.207.1 [Port] 0 [Flags] 2 [Guid] 2812100171 [EditorId] 2812100171 [Version] 1048832 [Id] WindowsEditor(7,PC) [Debug] 1 [PackageName] WindowsEditor [ProjectName] Editor" joined multi-casting on [225.0.0.222:54997]...

Player connection [14604] Host "[IP] 192.168.207.1 [Port] 0 [Flags] 2 [Guid] 2812100171 [EditorId] 2812100171 [Version] 1048832 [Id] WindowsEditor(7,PC) [Debug] 1 [PackageName] WindowsEditor [ProjectName] Editor" joined alternative multi-casting on [225.0.0.222:34997]...

[Physics::Module] Initialized MultithreadedJobDispatcher with 3 workers.
Refreshing native plugins compatible for Editor in 728.43 ms, found 3 plugins.
Preloading 0 native plugins for Editor in 0.00 ms.
Initialize engine version: 2022.3.16f1 (d2c21f0ef2f1)
[Subsystems] Discovering subsystems at path C:/Program Files/Unity/Hub/Editor/2022.3.16f1/Editor/Data/Resources/UnitySubsystems
[Subsystems] Discovering subsystems at path C:/Users/Usuario/Documents/GitHub/Gun-Gale-Infinity/Assets
GfxDevice: creating device client; threaded=0; jobified=0
Direct3D:
    Version:  Direct3D 11.0 [level 11.0]
    Renderer: AMD Radeon HD 7640G (ID=0x9903)
    Vendor:   ATI
    VRAM:     479 MB
    Driver:   15.200.1055.0
Initialize mono
Mono path[0] = 'C:/Program Files/Unity/Hub/Editor/2022.3.16f1/Editor/Data/Managed'
Mono path[1] = 'C:/Program Files/Unity/Hub/Editor/2022.3.16f1/Editor/Data/MonoBleedingEdge/lib/mono/unityjit-win32'
Mono config path = 'C:/Program Files/Unity/Hub/Editor/2022.3.16f1/Editor/Data/MonoBleedingEdge/etc'
Using monoOptions --debugger-agent=transport=dt_socket,embedding=1,server=y,suspend=n,address=127.0.0.1:56256
Begin MonoManager ReloadAssembly
Registering precompiled unity dll's ...
Register platform support module: C:/Program Files/Unity/Hub/Editor/2022.3.16f1/Editor/Data/PlaybackEngines/WindowsStandaloneSupport/UnityEditor.WindowsStandalone.Extensions.dll
Registered in 0.104896 seconds.
- Loaded All Assemblies, in  4.583 seconds
Native extension for WindowsStandalone target not found
Mono: successfully reloaded assembly
- Finished resetting the current domain, in  3.852 seconds
Domain Reload Profiling: 8403ms
	BeginReloadAssembly (1091ms)
		ExecutionOrderSort (0ms)
		DisableScriptedObjects (0ms)
		BackupInstance (0ms)
		ReleaseScriptingObjects (0ms)
		CreateAndSetChildDomain (5ms)
	RebuildCommonClasses (498ms)
	RebuildNativeTypeToScriptingClass (185ms)
	initialDomainReloadingComplete (779ms)
	LoadAllAssembliesAndSetupDomain (1993ms)
		LoadAssemblies (1052ms)
		RebuildTransferFunctionScriptingTraits (0ms)
		AnalyzeDomain (1983ms)
			TypeCache.Refresh (1977ms)
				TypeCache.ScanAssembly (1875ms)
			ScanForSourceGeneratedMonoScriptInfo (2ms)
			ResolveRequiredComponents (1ms)
	FinalizeReload (3856ms)
		ReleaseScriptCaches (0ms)
		RebuildScriptCaches (0ms)
		SetupLoadedEditorAssemblies (2523ms)
			LogAssemblyErrors (0ms)
			InitializePlatformSupportModulesInManaged (95ms)
			SetLoadedEditorAssemblies (55ms)
			RefreshPlugins (0ms)
			BeforeProcessingInitializeOnLoad (32ms)
			ProcessInitializeOnLoadAttributes (1564ms)
			ProcessInitializeOnLoadMethodAttributes (773ms)
			AfterProcessingInitializeOnLoad (1ms)
			EditorAssembliesLoaded (1ms)
		ExecutionOrderSort2 (0ms)
		AwakeInstancesAfterBackupRestoration (0ms)
========================================================================
Worker process is ready to serve import requests
Begin MonoManager ReloadAssembly
- Loaded All Assemblies, in  7.254 seconds
Refreshing native plugins compatible for Editor in 84.33 ms, found 3 plugins.
Native extension for WindowsStandalone target not found
Package Manager log level set to [2]
[Package Manager] Server::EnsureServerProcessIsRunning -- launch failed, reason: Unity was launched with the -noUpm command-line argument
[Package Manager] UpmClient::Send -- Unable to send message (not connected to UPM process).
[Package Manager] Cannot connect to Unity Package Manager local server
Mono: successfully reloaded assembly
- Finished resetting the current domain, in  6.142 seconds
Domain Reload Profiling: 13352ms
	BeginReloadAssembly (1840ms)
		ExecutionOrderSort (0ms)
		DisableScriptedObjects (151ms)
		BackupInstance (0ms)
		ReleaseScriptingObjects (0ms)
		CreateAndSetChildDomain (269ms)
	RebuildCommonClasses (329ms)
	RebuildNativeTypeToScriptingClass (103ms)
	initialDomainReloadingComplete (349ms)
	LoadAllAssembliesAndSetupDomain (4588ms)
		LoadAssemblies (2980ms)
		RebuildTransferFunctionScriptingTraits (0ms)
		AnalyzeDomain (2513ms)
			TypeCache.Refresh (2293ms)
				TypeCache.ScanAssembly (2037ms)
			ScanForSourceGeneratedMonoScriptInfo (179ms)
			ResolveRequiredComponents (35ms)
	FinalizeReload (6143ms)
		ReleaseScriptCaches (0ms)
		RebuildScriptCaches (0ms)
		SetupLoadedEditorAssemblies (3802ms)
			LogAssemblyErrors (0ms)
			InitializePlatformSupportModulesInManaged (57ms)
			SetLoadedEditorAssemblies (57ms)
			RefreshPlugins (0ms)
			BeforeProcessingInitializeOnLoad (557ms)
			ProcessInitializeOnLoadAttributes (2874ms)
			ProcessInitializeOnLoadMethodAttributes (174ms)
			AfterProcessingInitializeOnLoad (82ms)
			EditorAssembliesLoaded (1ms)
		ExecutionOrderSort2 (0ms)
		AwakeInstancesAfterBackupRestoration (77ms)
Launched and connected shader compiler UnityShaderCompiler.exe after 0.60 seconds
Refreshing native plugins compatible for Editor in 124.18 ms, found 3 plugins.
Preloading 0 native plugins for Editor in 0.00 ms.
Unloading 3109 Unused Serialized files (Serialized files now loaded: 0)
Unloading 32 unused Assets / (69.9 KB). Loaded Objects now: 3571.
Memory consumption went from 122.9 MB to 122.8 MB.
Total: 26.610022 ms (FindLiveObjects: 1.430879 ms CreateObjectMapping: 0.917382 ms MarkObjects: 23.225589 ms  DeleteObjects: 1.029693 ms)

AssetImportParameters requested are different than current active one (requested -> active):
  custom:container-demuxer-ogg: 62fdf1f143b41e24485cea50d1cbac27 -> 
  custom:video-decoder-ogg-theora: a1e56fd34408186e4bbccfd4996cb3dc -> 
  custom:framework-win-MediaFoundation: 216162199b28c13a410421893ffa2e32 -> 
  custom:CustomObjectIndexerAttribute: 43b350a4d6e6d1791af0b5038c4bea17 -> 
  custom:container-demuxer-webm: 4f35f7cbe854078d1ac9338744f61a02 -> 
  custom:container-muxer-webm: aa71ff27fc2769a1b78a27578f13a17b -> 
  custom:video-decoder-webm-vp8: 9c59270c3fd7afecdb556c50c9e8de78 -> 
  custom:SearchIndexIgnoredProperties: e643bd26f0fe6173181afceb89e7c659 -> 
  custom:AudioImporter_EditorPlatform: d09bf68614088b80899f8185d706f6e7 -> 
  custom:video-encoder-webm-vp8: eb34c28f22e8b96e1ab97ce403110664 -> 
  custom:audio-decoder-ogg-vorbis: bf7c407c2cedff20999df2af8eb42d56 -> 
  custom:audio-encoder-webm-vorbis: bf7c407c2cedff20999df2af8eb42d56 -> 
========================================================================
Received Import Request.
  Time since last request: 139450.311533 seconds.
  path: Assets/Modelos/Armas/M1911 (Pistol)/Models/Low_Poly_1323.FBX
  artifactKey: Guid(4eb96162da770da43b14be92eeae3a91) Importer(815301076,1909f56bfc062723c751e8b465ee728b)
Start importing Assets/Modelos/Armas/M1911 (Pistol)/Models/Low_Poly_1323.FBX using Guid(4eb96162da770da43b14be92eeae3a91) Importer(815301076,1909f56bfc062723c751e8b465ee728b)  -> (artifact id: '38ed3fbd1275f3be788bbb92fe6812cb') in 2.494858 seconds
Number of updated asset objects reloaded before import = 0
Number of asset objects unloaded after import = 43
========================================================================
Received Import Request.
  Time since last request: 14.458192 seconds.
  path: Assets/Modelos/Armas/M1911 (Pistol)/Models/Low_Poly_1323.FBX
  artifactKey: Guid(4eb96162da770da43b14be92eeae3a91) Importer(815301076,1909f56bfc062723c751e8b465ee728b)
Start importing Assets/Modelos/Armas/M1911 (Pistol)/Models/Low_Poly_1323.FBX using Guid(4eb96162da770da43b14be92eeae3a91) Importer(815301076,1909f56bfc062723c751e8b465ee728b)  -> (artifact id: 'f34ce010382177ca409aac9e69dda8d2') in 0.682664 seconds
Number of updated asset objects reloaded before import = 0
Number of asset objects unloaded after import = 43
========================================================================
Received Prepare
Begin MonoManager ReloadAssembly
- Loaded All Assemblies, in  4.160 seconds
Refreshing native plugins compatible for Editor in 40.37 ms, found 3 plugins.
Native extension for WindowsStandalone target not found
[Package Manager] Server::EnsureServerProcessIsRunning -- launch failed, reason: Unity was launched with the -noUpm command-line argument
[Package Manager] UpmClient::Send -- Unable to send message (not connected to UPM process).
[Package Manager] Cannot connect to Unity Package Manager local server
Mono: successfully reloaded assembly
- Finished resetting the current domain, in 22.875 seconds
Domain Reload Profiling: 27035ms
	BeginReloadAssembly (1547ms)
		ExecutionOrderSort (0ms)
		DisableScriptedObjects (67ms)
		BackupInstance (0ms)
		ReleaseScriptingObjects (0ms)
		CreateAndSetChildDomain (336ms)
	RebuildCommonClasses (376ms)
	RebuildNativeTypeToScriptingClass (115ms)
	initialDomainReloadingComplete (257ms)
	LoadAllAssembliesAndSetupDomain (1854ms)
		LoadAssemblies (2517ms)
		RebuildTransferFunctionScriptingTraits (0ms)
		AnalyzeDomain (116ms)
			TypeCache.Refresh (36ms)
				TypeCache.ScanAssembly (0ms)
			ScanForSourceGeneratedMonoScriptInfo (2ms)
			ResolveRequiredComponents (52ms)
	FinalizeReload (22887ms)
		ReleaseScriptCaches (0ms)
		RebuildScriptCaches (0ms)
		SetupLoadedEditorAssemblies (9215ms)
			LogAssemblyErrors (0ms)
			InitializePlatformSupportModulesInManaged (283ms)
			SetLoadedEditorAssemblies (133ms)
			RefreshPlugins (0ms)
			BeforeProcessingInitializeOnLoad (1981ms)
			ProcessInitializeOnLoadAttributes (5697ms)
			ProcessInitializeOnLoadMethodAttributes (670ms)
			AfterProcessingInitializeOnLoad (448ms)
			EditorAssembliesLoaded (2ms)
		ExecutionOrderSort2 (0ms)
		AwakeInstancesAfterBackupRestoration (374ms)
Refreshing native plugins compatible for Editor in 243.83 ms, found 3 plugins.
Preloading 0 native plugins for Editor in 0.00 ms.
Unloading 3101 Unused Serialized files (Serialized files now loaded: 0)
Unloading 23 unused Assets / (48.7 KB). Loaded Objects now: 3618.
Memory consumption went from 128.5 MB to 128.5 MB.
Total: 50.689818 ms (FindLiveObjects: 2.169536 ms CreateObjectMapping: 8.452443 ms MarkObjects: 38.546789 ms  DeleteObjects: 1.515111 ms)

Prepare: number of updated asset objects reloaded= 0
AssetImportParameters requested are different than current active one (requested -> active):
  custom:container-demuxer-ogg: 62fdf1f143b41e24485cea50d1cbac27 -> 
  custom:video-decoder-ogg-theora: a1e56fd34408186e4bbccfd4996cb3dc -> 
  custom:framework-win-MediaFoundation: 216162199b28c13a410421893ffa2e32 -> 
  custom:CustomObjectIndexerAttribute: 43b350a4d6e6d1791af0b5038c4bea17 -> 
  custom:container-demuxer-webm: 4f35f7cbe854078d1ac9338744f61a02 -> 
  custom:container-muxer-webm: aa71ff27fc2769a1b78a27578f13a17b -> 
  custom:video-decoder-webm-vp8: 9c59270c3fd7afecdb556c50c9e8de78 -> 
  custom:SearchIndexIgnoredProperties: e643bd26f0fe6173181afceb89e7c659 -> 
  custom:AudioImporter_EditorPlatform: d09bf68614088b80899f8185d706f6e7 -> 
  custom:video-encoder-webm-vp8: eb34c28f22e8b96e1ab97ce403110664 -> 
  custom:audio-decoder-ogg-vorbis: bf7c407c2cedff20999df2af8eb42d56 -> 
  custom:audio-encoder-webm-vorbis: bf7c407c2cedff20999df2af8eb42d56 -> 
========================================================================
Received Prepare
Begin MonoManager ReloadAssembly
- Loaded All Assemblies, in 12.175 seconds
Refreshing native plugins compatible for Editor in 51.65 ms, found 3 plugins.
Native extension for WindowsStandalone target not found
[Package Manager] Server::EnsureServerProcessIsRunning -- launch failed, reason: Unity was launched with the -noUpm command-line argument
[Package Manager] UpmClient::Send -- Unable to send message (not connected to UPM process).
[Package Manager] Cannot connect to Unity Package Manager local server
Mono: successfully reloaded assembly
- Finished resetting the current domain, in 34.002 seconds
Domain Reload Profiling: 46139ms
	BeginReloadAssembly (1472ms)
		ExecutionOrderSort (0ms)
		DisableScriptedObjects (118ms)
		BackupInstance (0ms)
		ReleaseScriptingObjects (0ms)
		CreateAndSetChildDomain (227ms)
	RebuildCommonClasses (490ms)
	RebuildNativeTypeToScriptingClass (164ms)
	initialDomainReloadingComplete (297ms)
	LoadAllAssembliesAndSetupDomain (9710ms)
		LoadAssemblies (10258ms)
		RebuildTransferFunctionScriptingTraits (0ms)
		AnalyzeDomain (290ms)
			TypeCache.Refresh (154ms)
				TypeCache.ScanAssembly (0ms)
			ScanForSourceGeneratedMonoScriptInfo (2ms)
			ResolveRequiredComponents (126ms)
	FinalizeReload (34007ms)
		ReleaseScriptCaches (0ms)
		RebuildScriptCaches (0ms)
		SetupLoadedEditorAssemblies (14182ms)
			LogAssemblyErrors (0ms)
			InitializePlatformSupportModulesInManaged (37ms)
			SetLoadedEditorAssemblies (34ms)
			RefreshPlugins (0ms)
			BeforeProcessingInitializeOnLoad (1065ms)
			ProcessInitializeOnLoadAttributes (11543ms)
			ProcessInitializeOnLoadMethodAttributes (871ms)
			AfterProcessingInitializeOnLoad (631ms)
			EditorAssembliesLoaded (1ms)
		ExecutionOrderSort2 (0ms)
		AwakeInstancesAfterBackupRestoration (396ms)
Refreshing native plugins compatible for Editor in 247.30 ms, found 3 plugins.
Preloading 0 native plugins for Editor in 0.00 ms.
Unloading 3102 Unused Serialized files (Serialized files now loaded: 0)
Unloading 23 unused Assets / (48.7 KB). Loaded Objects now: 3621.
Memory consumption went from 130.7 MB to 130.7 MB.
Total: 41.653685 ms (FindLiveObjects: 5.720275 ms CreateObjectMapping: 4.181405 ms MarkObjects: 30.601363 ms  DeleteObjects: 1.144703 ms)

Prepare: number of updated asset objects reloaded= 0
AssetImportParameters requested are different than current active one (requested -> active):
  custom:container-demuxer-ogg: 62fdf1f143b41e24485cea50d1cbac27 -> 
  custom:video-decoder-ogg-theora: a1e56fd34408186e4bbccfd4996cb3dc -> 
  custom:framework-win-MediaFoundation: 216162199b28c13a410421893ffa2e32 -> 
  custom:CustomObjectIndexerAttribute: 43b350a4d6e6d1791af0b5038c4bea17 -> 
  custom:container-demuxer-webm: 4f35f7cbe854078d1ac9338744f61a02 -> 
  custom:container-muxer-webm: aa71ff27fc2769a1b78a27578f13a17b -> 
  custom:video-decoder-webm-vp8: 9c59270c3fd7afecdb556c50c9e8de78 -> 
  custom:SearchIndexIgnoredProperties: e643bd26f0fe6173181afceb89e7c659 -> 
  custom:AudioImporter_EditorPlatform: d09bf68614088b80899f8185d706f6e7 -> 
  custom:video-encoder-webm-vp8: eb34c28f22e8b96e1ab97ce403110664 -> 
  custom:audio-decoder-ogg-vorbis: bf7c407c2cedff20999df2af8eb42d56 -> 
  custom:audio-encoder-webm-vorbis: bf7c407c2cedff20999df2af8eb42d56 -> 
========================================================================
Received Prepare
Begin MonoManager ReloadAssembly
- Loaded All Assemblies, in 15.538 seconds
Refreshing native plugins compatible for Editor in 136.81 ms, found 3 plugins.
Native extension for WindowsStandalone target not found
[Package Manager] Server::EnsureServerProcessIsRunning -- launch failed, reason: Unity was launched with the -noUpm command-line argument
[Package Manager] UpmClient::Send -- Unable to send message (not connected to UPM process).
[Package Manager] Cannot connect to Unity Package Manager local server
Mono: successfully reloaded assembly
- Finished resetting the current domain, in 33.085 seconds
Domain Reload Profiling: 48361ms
	BeginReloadAssembly (2525ms)
		ExecutionOrderSort (0ms)
		DisableScriptedObjects (72ms)
		BackupInstance (0ms)
		ReleaseScriptingObjects (6ms)
		CreateAndSetChildDomain (238ms)
	RebuildCommonClasses (942ms)
	RebuildNativeTypeToScriptingClass (986ms)
	initialDomainReloadingComplete (1520ms)
	LoadAllAssembliesAndSetupDomain (9298ms)
		LoadAssemblies (10931ms)
		RebuildTransferFunctionScriptingTraits (0ms)
		AnalyzeDomain (297ms)
			TypeCache.Refresh (119ms)
				TypeCache.ScanAssembly (0ms)
			ScanForSourceGeneratedMonoScriptInfo (1ms)
			ResolveRequiredComponents (149ms)
	FinalizeReload (33090ms)
		ReleaseScriptCaches (0ms)
		RebuildScriptCaches (0ms)
		SetupLoadedEditorAssemblies (16394ms)
			LogAssemblyErrors (0ms)
			InitializePlatformSupportModulesInManaged (163ms)
			SetLoadedEditorAssemblies (456ms)
			RefreshPlugins (0ms)
			BeforeProcessingInitializeOnLoad (4674ms)
			ProcessInitializeOnLoadAttributes (10472ms)
			ProcessInitializeOnLoadMethodAttributes (390ms)
			AfterProcessingInitializeOnLoad (237ms)
			EditorAssembliesLoaded (3ms)
		ExecutionOrderSort2 (0ms)
		AwakeInstancesAfterBackupRestoration (178ms)
Refreshing native plugins compatible for Editor in 156.45 ms, found 3 plugins.
Preloading 0 native plugins for Editor in 0.00 ms.
Unloading 3102 Unused Serialized files (Serialized files now loaded: 0)
Unloading 23 unused Assets / (44.5 KB). Loaded Objects now: 3624.
Memory consumption went from 132.6 MB to 132.6 MB.
Total: 34.899938 ms (FindLiveObjects: 1.362844 ms CreateObjectMapping: 0.758636 ms MarkObjects: 32.146712 ms  DeleteObjects: 0.624187 ms)

Prepare: number of updated asset objects reloaded= 0
AssetImportParameters requested are different than current active one (requested -> active):
  custom:container-demuxer-ogg: 62fdf1f143b41e24485cea50d1cbac27 -> 
  custom:video-decoder-ogg-theora: a1e56fd34408186e4bbccfd4996cb3dc -> 
  custom:framework-win-MediaFoundation: 216162199b28c13a410421893ffa2e32 -> 
  custom:CustomObjectIndexerAttribute: 43b350a4d6e6d1791af0b5038c4bea17 -> 
  custom:container-demuxer-webm: 4f35f7cbe854078d1ac9338744f61a02 -> 
  custom:container-muxer-webm: aa71ff27fc2769a1b78a27578f13a17b -> 
  custom:video-decoder-webm-vp8: 9c59270c3fd7afecdb556c50c9e8de78 -> 
  custom:SearchIndexIgnoredProperties: e643bd26f0fe6173181afceb89e7c659 -> 
  custom:AudioImporter_EditorPlatform: d09bf68614088b80899f8185d706f6e7 -> 
  custom:video-encoder-webm-vp8: eb34c28f22e8b96e1ab97ce403110664 -> 
  custom:audio-decoder-ogg-vorbis: bf7c407c2cedff20999df2af8eb42d56 -> 
  custom:audio-encoder-webm-vorbis: bf7c407c2cedff20999df2af8eb42d56 -> 
========================================================================
Received Prepare
Begin MonoManager ReloadAssembly
- Loaded All Assemblies, in  8.182 seconds
Refreshing native plugins compatible for Editor in 97.02 ms, found 3 plugins.
Native extension for WindowsStandalone target not found
[Package Manager] Server::EnsureServerProcessIsRunning -- launch failed, reason: Unity was launched with the -noUpm command-line argument
[Package Manager] UpmClient::Send -- Unable to send message (not connected to UPM process).
[Package Manager] Cannot connect to Unity Package Manager local server
Mono: successfully reloaded assembly
- Finished resetting the current domain, in 19.704 seconds
Domain Reload Profiling: 27821ms
	BeginReloadAssembly (1708ms)
		ExecutionOrderSort (0ms)
		DisableScriptedObjects (116ms)
		BackupInstance (0ms)
		ReleaseScriptingObjects (0ms)
		CreateAndSetChildDomain (279ms)
	RebuildCommonClasses (431ms)
	RebuildNativeTypeToScriptingClass (157ms)
	initialDomainReloadingComplete (361ms)
	LoadAllAssembliesAndSetupDomain (5454ms)
		LoadAssemblies (6208ms)
		RebuildTransferFunctionScriptingTraits (0ms)
		AnalyzeDomain (246ms)
			TypeCache.Refresh (73ms)
				TypeCache.ScanAssembly (0ms)
			ScanForSourceGeneratedMonoScriptInfo (6ms)
			ResolveRequiredComponents (143ms)
	FinalizeReload (19711ms)
		ReleaseScriptCaches (0ms)
		RebuildScriptCaches (0ms)
		SetupLoadedEditorAssemblies (6166ms)
			LogAssemblyErrors (0ms)
			InitializePlatformSupportModulesInManaged (175ms)
			SetLoadedEditorAssemblies (53ms)
			RefreshPlugins (0ms)
			BeforeProcessingInitializeOnLoad (1626ms)
			ProcessInitializeOnLoadAttributes (3952ms)
			ProcessInitializeOnLoadMethodAttributes (249ms)
			AfterProcessingInitializeOnLoad (110ms)
			EditorAssembliesLoaded (1ms)
		ExecutionOrderSort2 (0ms)
		AwakeInstancesAfterBackupRestoration (113ms)
Refreshing native plugins compatible for Editor in 98.70 ms, found 3 plugins.
Preloading 0 native plugins for Editor in 0.00 ms.
Unloading 3102 Unused Serialized files (Serialized files now loaded: 0)
Unloading 23 unused Assets / (31.1 KB). Loaded Objects now: 3627.
Memory consumption went from 134.6 MB to 134.5 MB.
Total: 24.107874 ms (FindLiveObjects: 1.073969 ms CreateObjectMapping: 0.707340 ms MarkObjects: 21.823868 ms  DeleteObjects: 0.497838 ms)

Prepare: number of updated asset objects reloaded= 0
AssetImportParameters requested are different than current active one (requested -> active):
  custom:container-demuxer-ogg: 62fdf1f143b41e24485cea50d1cbac27 -> 
  custom:video-decoder-ogg-theora: a1e56fd34408186e4bbccfd4996cb3dc -> 
  custom:framework-win-MediaFoundation: 216162199b28c13a410421893ffa2e32 -> 
  custom:CustomObjectIndexerAttribute: 43b350a4d6e6d1791af0b5038c4bea17 -> 
  custom:container-demuxer-webm: 4f35f7cbe854078d1ac9338744f61a02 -> 
  custom:container-muxer-webm: aa71ff27fc2769a1b78a27578f13a17b -> 
  custom:video-decoder-webm-vp8: 9c59270c3fd7afecdb556c50c9e8de78 -> 
  custom:SearchIndexIgnoredProperties: e643bd26f0fe6173181afceb89e7c659 -> 
  custom:AudioImporter_EditorPlatform: d09bf68614088b80899f8185d706f6e7 -> 
  custom:video-encoder-webm-vp8: eb34c28f22e8b96e1ab97ce403110664 -> 
  custom:audio-decoder-ogg-vorbis: bf7c407c2cedff20999df2af8eb42d56 -> 
  custom:audio-encoder-webm-vorbis: bf7c407c2cedff20999df2af8eb42d56 -> 
========================================================================
Received Import Request.
  Time since last request: 1001.004121 seconds.
  path: Assets/Modelos/Armas/M1911 (Pistol)/Models/Low_Poly_1323.fbm/NakladNormal.jpg
  artifactKey: Guid(77fbfcc900b9f23458a0830a34bdbd7d) Importer(815301076,1909f56bfc062723c751e8b465ee728b)
Start importing Assets/Modelos/Armas/M1911 (Pistol)/Models/Low_Poly_1323.fbm/NakladNormal.jpg using Guid(77fbfcc900b9f23458a0830a34bdbd7d) Importer(815301076,1909f56bfc062723c751e8b465ee728b)  -> (artifact id: '27bd139300fa14dd586897d404b6a97d') in 0.353660 seconds
Number of updated asset objects reloaded before import = 0
Number of asset objects unloaded after import = 2
========================================================================
Received Import Request.
  Time since last request: 45.614584 seconds.
  path: Assets/Modelos/Armas/M1911 (Pistol)/Textures
  artifactKey: Guid(7a2c11a1cdf3a9f489590268d0ffeed4) Importer(815301076,1909f56bfc062723c751e8b465ee728b)
Start importing Assets/Modelos/Armas/M1911 (Pistol)/Textures using Guid(7a2c11a1cdf3a9f489590268d0ffeed4) Importer(815301076,1909f56bfc062723c751e8b465ee728b)  -> (artifact id: 'd3c1b22a5579e906f5593b5d1f55d965') in 0.006840 seconds
Number of updated asset objects reloaded before import = 0
Number of asset objects unloaded after import = 0
========================================================================
Received Import Request.
  Time since last request: 0.048477 seconds.
  path: Assets/Modelos/Armas/M1911 (Pistol)/Textures/bolt_1911MetallicSmoothness.png
  artifactKey: Guid(70b4d661ace5877428678b904474a2b5) Importer(815301076,1909f56bfc062723c751e8b465ee728b)
Start importing Assets/Modelos/Armas/M1911 (Pistol)/Textures/bolt_1911MetallicSmoothness.png using Guid(70b4d661ace5877428678b904474a2b5) Importer(815301076,1909f56bfc062723c751e8b465ee728b)  -> (artifact id: '34693b6542b918a93526263720ef6dc3') in 0.463364 seconds
Number of updated asset objects reloaded before import = 0
Number of asset objects unloaded after import = 2
========================================================================
Received Import Request.
  Time since last request: 0.000043 seconds.
  path: Assets/Modelos/Armas/M1911 (Pistol)/Textures/Naklad_1911DefaultMaterial.jpg
  artifactKey: Guid(de55145c3dee7d048ad6c609d7796722) Importer(815301076,1909f56bfc062723c751e8b465ee728b)
Start importing Assets/Modelos/Armas/M1911 (Pistol)/Textures/Naklad_1911DefaultMaterial.jpg using Guid(de55145c3dee7d048ad6c609d7796722) Importer(815301076,1909f56bfc062723c751e8b465ee728b)  -> (artifact id: 'b64f2908948a575052840da9ae1b3d3c') in 0.167891 seconds
Number of updated asset objects reloaded before import = 0
Number of asset objects unloaded after import = 2
========================================================================
Received Import Request.
  Time since last request: 0.008335 seconds.
  path: Assets/Modelos/Armas/M1911 (Pistol)/Textures/Naklad_1911NormalsMap.jpg
  artifactKey: Guid(47c2e72c03ca5c2448298868454eb912) Importer(815301076,1909f56bfc062723c751e8b465ee728b)
Start importing Assets/Modelos/Armas/M1911 (Pistol)/Textures/Naklad_1911NormalsMap.jpg using Guid(47c2e72c03ca5c2448298868454eb912) Importer(815301076,1909f56bfc062723c751e8b465ee728b)  -> (artifact id: '8aeb7cd0044cd75ed3187ad1789d9fb1') in 0.178966 seconds
Number of updated asset objects reloaded before import = 0
Number of asset objects unloaded after import = 2
========================================================================
Received Import Request.
  Time since last request: 0.000076 seconds.
  path: Assets/Modelos/Armas/M1911 (Pistol)/Textures/Frame_1911MetallicSmoothness.png
  artifactKey: Guid(e2aabe61b71d9394d8ba3f2a08e5d2c0) Importer(815301076,1909f56bfc062723c751e8b465ee728b)
Start importing Assets/Modelos/Armas/M1911 (Pistol)/Textures/Frame_1911MetallicSmoothness.png using Guid(e2aabe61b71d9394d8ba3f2a08e5d2c0) Importer(815301076,1909f56bfc062723c751e8b465ee728b)  -> (artifact id: '8b7989a5b0844fa7c41dae6d47ee3fb2') in 0.187109 seconds
Number of updated asset objects reloaded before import = 0
Number of asset objects unloaded after import = 2
========================================================================
Received Import Request.
  Time since last request: 0.000131 seconds.
  path: Assets/Modelos/Armas/M1911 (Pistol)/Textures/bolt_DefaultMaterial_AlbedoTransparency.png
  artifactKey: Guid(5a02a2e6070045447bba48762cd9dc17) Importer(815301076,1909f56bfc062723c751e8b465ee728b)
Start importing Assets/Modelos/Armas/M1911 (Pistol)/Textures/bolt_DefaultMaterial_AlbedoTransparency.png using Guid(5a02a2e6070045447bba48762cd9dc17) Importer(815301076,1909f56bfc062723c751e8b465ee728b)  -> (artifact id: 'b74008ea4f526a5e5eddc82d5c8c1312') in 0.249121 seconds
Number of updated asset objects reloaded before import = 0
Number of asset objects unloaded after import = 2
========================================================================
Received Import Request.
  Time since last request: 0.000086 seconds.
  path: Assets/Modelos/Armas/M1911 (Pistol)/Textures/Bullet_material.png
  artifactKey: Guid(ed9385ac20cfa1b45bbebb7022c4651e) Importer(815301076,1909f56bfc062723c751e8b465ee728b)
Start importing Assets/Modelos/Armas/M1911 (Pistol)/Textures/Bullet_material.png using Guid(ed9385ac20cfa1b45bbebb7022c4651e) Importer(815301076,1909f56bfc062723c751e8b465ee728b)  -> (artifact id: 'f5c34ace38fd5e6f1466c99591f895f5') in 0.256368 seconds
Number of updated asset objects reloaded before import = 0
Number of asset objects unloaded after import = 2
========================================================================
Received Import Request.
  Time since last request: 0.000056 seconds.
  path: Assets/Modelos/Armas/M1911 (Pistol)/Textures/Bullet_Metal.png
  artifactKey: Guid(59c496c06f15dbb4d8d0da5ec0ded6a9) Importer(815301076,1909f56bfc062723c751e8b465ee728b)
Start importing Assets/Modelos/Armas/M1911 (Pistol)/Textures/Bullet_Metal.png using Guid(59c496c06f15dbb4d8d0da5ec0ded6a9) Importer(815301076,1909f56bfc062723c751e8b465ee728b)  -> (artifact id: '018b6ed9849fd7be22016d93fd3ab998') in 0.281604 seconds
Number of updated asset objects reloaded before import = 0
Number of asset objects unloaded after import = 2
========================================================================
Received Import Request.
  Time since last request: 0.000083 seconds.
  path: Assets/Modelos/Armas/M1911 (Pistol)/Textures/Frame_1911_LPNormals.tga
  artifactKey: Guid(b99a800ff45f2f74a8820d6bbe4a7968) Importer(815301076,1909f56bfc062723c751e8b465ee728b)
Start importing Assets/Modelos/Armas/M1911 (Pistol)/Textures/Frame_1911_LPNormals.tga using Guid(b99a800ff45f2f74a8820d6bbe4a7968) Importer(815301076,1909f56bfc062723c751e8b465ee728b)  -> (artifact id: '30d91cfe178a16be70186f752138c8ac') in 0.149888 seconds
Number of updated asset objects reloaded before import = 0
Number of asset objects unloaded after import = 2
Editor requested this worker to shutdown with reason: Scaling down because of idle timeout
TcpMessagingSession - receive error: operation aborted. errorcode: 995, details: The I/O operation has been aborted because of either a thread exit or an application request.
AssetImportWorker is now disconnected from the server
Process exiting
Exiting without the bug reporter. Application will terminate with return code 0