Using pre-set license
Built from '2022.3/staging' branch; Version is '2022.3.16f1 (d2c21f0ef2f1) revision 13812255'; Using compiler version '192829333'; Build Type 'Release'
OS: 'Windows 10  (10.0.17134) 64bit Core' Language: 'en' Physical Memory: 7644 MB
BatchMode: 1, IsHumanControllingUs: 0, StartBugReporterOnCrash: 0, Is64bit: 1, IsPro: 1

COMMAND LINE ARGUMENTS:
C:\Program Files\Unity\Hub\Editor\2022.3.16f1\Editor\Unity.exe
-adb2
-batchMode
-noUpm
-name
AssetImportWorker0
-projectPath
C:/Users/Usuario/Documents/GitHub/Gun-Gale-Infinity
-logFile
Logs/AssetImportWorker0.log
-srvPort
57275
Successfully changed project path to: C:/Users/Usuario/Documents/GitHub/Gun-Gale-Infinity
C:/Users/Usuario/Documents/GitHub/Gun-Gale-Infinity
[UnityMemory] Configuration Parameters - Can be set up in boot.config
    "memorysetup-bucket-allocator-granularity=16"
    "memorysetup-bucket-allocator-bucket-count=8"
    "memorysetup-bucket-allocator-block-size=33554432"
    "memorysetup-bucket-allocator-block-count=8"
    "memorysetup-main-allocator-block-size=16777216"
    "memorysetup-thread-allocator-block-size=16777216"
    "memorysetup-gfx-main-allocator-block-size=16777216"
    "memorysetup-gfx-thread-allocator-block-size=16777216"
    "memorysetup-cache-allocator-block-size=4194304"
    "memorysetup-typetree-allocator-block-size=2097152"
    "memorysetup-profiler-bucket-allocator-granularity=16"
    "memorysetup-profiler-bucket-allocator-bucket-count=8"
    "memorysetup-profiler-bucket-allocator-block-size=33554432"
    "memorysetup-profiler-bucket-allocator-block-count=8"
    "memorysetup-profiler-allocator-block-size=16777216"
    "memorysetup-profiler-editor-allocator-block-size=1048576"
    "memorysetup-temp-allocator-size-main=16777216"
    "memorysetup-job-temp-allocator-block-size=2097152"
    "memorysetup-job-temp-allocator-block-size-background=1048576"
    "memorysetup-job-temp-allocator-reduction-small-platforms=262144"
    "memorysetup-allocator-temp-initial-block-size-main=262144"
    "memorysetup-allocator-temp-initial-block-size-worker=262144"
    "memorysetup-temp-allocator-size-background-worker=32768"
    "memorysetup-temp-allocator-size-job-worker=262144"
    "memorysetup-temp-allocator-size-preload-manager=33554432"
    "memorysetup-temp-allocator-size-nav-mesh-worker=65536"
    "memorysetup-temp-allocator-size-audio-worker=65536"
    "memorysetup-temp-allocator-size-cloud-worker=32768"
    "memorysetup-temp-allocator-size-gi-baking-worker=262144"
    "memorysetup-temp-allocator-size-gfx=262144"
Player connection [16196] Host "[IP] 192.168.207.1 [Port] 0 [Flags] 2 [Guid] 2211696580 [EditorId] 2211696580 [Version] 1048832 [Id] WindowsEditor(7,PC) [Debug] 1 [PackageName] WindowsEditor [ProjectName] Editor" joined multi-casting on [225.0.0.222:54997]...

Player connection [16196] Host "[IP] 192.168.207.1 [Port] 0 [Flags] 2 [Guid] 2211696580 [EditorId] 2211696580 [Version] 1048832 [Id] WindowsEditor(7,PC) [Debug] 1 [PackageName] WindowsEditor [ProjectName] Editor" joined alternative multi-casting on [225.0.0.222:34997]...

[Physics::Module] Initialized MultithreadedJobDispatcher with 3 workers.
Refreshing native plugins compatible for Editor in 90.06 ms, found 3 plugins.
Preloading 0 native plugins for Editor in 0.00 ms.
Initialize engine version: 2022.3.16f1 (d2c21f0ef2f1)
[Subsystems] Discovering subsystems at path C:/Program Files/Unity/Hub/Editor/2022.3.16f1/Editor/Data/Resources/UnitySubsystems
[Subsystems] Discovering subsystems at path C:/Users/Usuario/Documents/GitHub/Gun-Gale-Infinity/Assets
GfxDevice: creating device client; threaded=0; jobified=0
Direct3D:
    Version:  Direct3D 11.0 [level 11.0]
    Renderer: AMD Radeon HD 7640G (ID=0x9903)
    Vendor:   ATI
    VRAM:     479 MB
    Driver:   15.200.1055.0
Shader Hidden/ProbeVolume/VoxelizeScene is not supported: GPU does not support conservative rasterization
Initialize mono
Mono path[0] = 'C:/Program Files/Unity/Hub/Editor/2022.3.16f1/Editor/Data/Managed'
Mono path[1] = 'C:/Program Files/Unity/Hub/Editor/2022.3.16f1/Editor/Data/MonoBleedingEdge/lib/mono/unityjit-win32'
Mono config path = 'C:/Program Files/Unity/Hub/Editor/2022.3.16f1/Editor/Data/MonoBleedingEdge/etc'
Using monoOptions --debugger-agent=transport=dt_socket,embedding=1,server=y,suspend=n,address=127.0.0.1:56028
Begin MonoManager ReloadAssembly
Registering precompiled unity dll's ...
Register platform support module: C:/Program Files/Unity/Hub/Editor/2022.3.16f1/Editor/Data/PlaybackEngines/WindowsStandaloneSupport/UnityEditor.WindowsStandalone.Extensions.dll
Registered in 0.067168 seconds.
- Loaded All Assemblies, in  2.656 seconds
Native extension for WindowsStandalone target not found
Mono: successfully reloaded assembly
- Finished resetting the current domain, in  2.717 seconds
Domain Reload Profiling: 5362ms
	BeginReloadAssembly (706ms)
		ExecutionOrderSort (0ms)
		DisableScriptedObjects (0ms)
		BackupInstance (0ms)
		ReleaseScriptingObjects (0ms)
		CreateAndSetChildDomain (2ms)
	RebuildCommonClasses (374ms)
	RebuildNativeTypeToScriptingClass (111ms)
	initialDomainReloadingComplete (398ms)
	LoadAllAssembliesAndSetupDomain (1050ms)
		LoadAssemblies (691ms)
		RebuildTransferFunctionScriptingTraits (0ms)
		AnalyzeDomain (1034ms)
			TypeCache.Refresh (1029ms)
				TypeCache.ScanAssembly (943ms)
			ScanForSourceGeneratedMonoScriptInfo (1ms)
			ResolveRequiredComponents (2ms)
	FinalizeReload (2722ms)
		ReleaseScriptCaches (0ms)
		RebuildScriptCaches (0ms)
		SetupLoadedEditorAssemblies (2021ms)
			LogAssemblyErrors (0ms)
			InitializePlatformSupportModulesInManaged (352ms)
			SetLoadedEditorAssemblies (71ms)
			RefreshPlugins (0ms)
			BeforeProcessingInitializeOnLoad (19ms)
			ProcessInitializeOnLoadAttributes (1031ms)
			ProcessInitializeOnLoadMethodAttributes (548ms)
			AfterProcessingInitializeOnLoad (0ms)
			EditorAssembliesLoaded (1ms)
		ExecutionOrderSort2 (0ms)
		AwakeInstancesAfterBackupRestoration (0ms)
========================================================================
Worker process is ready to serve import requests
Begin MonoManager ReloadAssembly
- Loaded All Assemblies, in 17.939 seconds
Refreshing native plugins compatible for Editor in 45.84 ms, found 3 plugins.
Native extension for WindowsStandalone target not found
Package Manager log level set to [2]
[Package Manager] Server::EnsureServerProcessIsRunning -- launch failed, reason: Unity was launched with the -noUpm command-line argument
[Package Manager] UpmClient::Send -- Unable to send message (not connected to UPM process).
[Package Manager] Cannot connect to Unity Package Manager local server
Mono: successfully reloaded assembly
- Finished resetting the current domain, in 17.741 seconds
Domain Reload Profiling: 35663ms
	BeginReloadAssembly (1599ms)
		ExecutionOrderSort (0ms)
		DisableScriptedObjects (78ms)
		BackupInstance (0ms)
		ReleaseScriptingObjects (1ms)
		CreateAndSetChildDomain (187ms)
	RebuildCommonClasses (165ms)
	RebuildNativeTypeToScriptingClass (59ms)
	initialDomainReloadingComplete (292ms)
	LoadAllAssembliesAndSetupDomain (15801ms)
		LoadAssemblies (9670ms)
		RebuildTransferFunctionScriptingTraits (0ms)
		AnalyzeDomain (7141ms)
			TypeCache.Refresh (5843ms)
				TypeCache.ScanAssembly (5423ms)
			ScanForSourceGeneratedMonoScriptInfo (1140ms)
			ResolveRequiredComponents (150ms)
	FinalizeReload (17747ms)
		ReleaseScriptCaches (0ms)
		RebuildScriptCaches (0ms)
		SetupLoadedEditorAssemblies (15210ms)
			LogAssemblyErrors (0ms)
			InitializePlatformSupportModulesInManaged (99ms)
			SetLoadedEditorAssemblies (36ms)
			RefreshPlugins (0ms)
			BeforeProcessingInitializeOnLoad (1129ms)
			ProcessInitializeOnLoadAttributes (13351ms)
			ProcessInitializeOnLoadMethodAttributes (528ms)
			AfterProcessingInitializeOnLoad (66ms)
			EditorAssembliesLoaded (1ms)
		ExecutionOrderSort2 (0ms)
		AwakeInstancesAfterBackupRestoration (48ms)
database is locked
Failed to delete database file Library/ShaderCache.db
Shader Hidden/ProbeVolume/VoxelizeScene is not supported: GPU does not support conservative rasterization
Launched and connected shader compiler UnityShaderCompiler.exe after 0.91 seconds
Refreshing native plugins compatible for Editor in 152.06 ms, found 3 plugins.
Preloading 0 native plugins for Editor in 0.00 ms.
Unloading 6535 Unused Serialized files (Serialized files now loaded: 0)
Unloading 99 unused Assets / (2.8 MB). Loaded Objects now: 6981.
Memory consumption went from 257.9 MB to 255.0 MB.
Total: 16.674307 ms (FindLiveObjects: 1.101505 ms CreateObjectMapping: 1.387141 ms MarkObjects: 11.273691 ms  DeleteObjects: 2.909270 ms)

AssetImportParameters requested are different than current active one (requested -> active):
  custom:container-demuxer-ogg: 62fdf1f143b41e24485cea50d1cbac27 -> 
  custom:framework-win-MediaFoundation: 216162199b28c13a410421893ffa2e32 -> 
  custom:container-muxer-webm: aa71ff27fc2769a1b78a27578f13a17b -> 
  custom:video-decoder-webm-vp8: 9c59270c3fd7afecdb556c50c9e8de78 -> 
  custom:SearchIndexIgnoredProperties: e643bd26f0fe6173181afceb89e7c659 -> 
  custom:AudioImporter_EditorPlatform: d09bf68614088b80899f8185d706f6e7 -> 
  custom:audio-decoder-ogg-vorbis: bf7c407c2cedff20999df2af8eb42d56 -> 
  custom:audio-encoder-webm-vorbis: bf7c407c2cedff20999df2af8eb42d56 -> 
  custom:video-decoder-ogg-theora: a1e56fd34408186e4bbccfd4996cb3dc -> 
  custom:CustomObjectIndexerAttribute: 39606d92bcf39ac9cd6fca1116091104 -> 
  custom:container-demuxer-webm: 4f35f7cbe854078d1ac9338744f61a02 -> 
  custom:video-encoder-webm-vp8: eb34c28f22e8b96e1ab97ce403110664 -> 
========================================================================
Received Import Request.
  Time since last request: 1308219.435346 seconds.
  path: Assets/Scripts/ScriptableObjects
  artifactKey: Guid(18fab9ab6e4b4cf49a90b8427bd728a5) Importer(815301076,1909f56bfc062723c751e8b465ee728b)
Start importing Assets/Scripts/ScriptableObjects using Guid(18fab9ab6e4b4cf49a90b8427bd728a5) Importer(815301076,1909f56bfc062723c751e8b465ee728b)  -> (artifact id: '6e5c8832dea2ec448976d09702a46dfe') in 0.010691 seconds
Number of updated asset objects reloaded before import = 0
Number of asset objects unloaded after import = 0
========================================================================
Received Import Request.
  Time since last request: 0.000060 seconds.
  path: Assets/Scripts/ScriptableObjects/DropPrefabstwo.asset
  artifactKey: Guid(a9d9c8daf8d9a04499db934f491dd4db) Importer(815301076,1909f56bfc062723c751e8b465ee728b)
Start importing Assets/Scripts/ScriptableObjects/DropPrefabstwo.asset using Guid(a9d9c8daf8d9a04499db934f491dd4db) Importer(815301076,1909f56bfc062723c751e8b465ee728b)  -> (artifact id: 'a59b06308c6721fb695ce58363225f89') in 0.367968 seconds
Number of updated asset objects reloaded before import = 0
Number of asset objects unloaded after import = 280
========================================================================
Received Import Request.
  Time since last request: 0.034606 seconds.
  path: Assets/Scripts/ScriptableObjects/DropProbabilities.asset
  artifactKey: Guid(58bafe82ad62e0b46b6ec9ebd0c6cbab) Importer(815301076,1909f56bfc062723c751e8b465ee728b)
Start importing Assets/Scripts/ScriptableObjects/DropProbabilities.asset using Guid(58bafe82ad62e0b46b6ec9ebd0c6cbab) Importer(815301076,1909f56bfc062723c751e8b465ee728b)  -> (artifact id: '91fd0ba5187406ddec0106190c08cf6d') in 0.080619 seconds
Number of updated asset objects reloaded before import = 0
Number of asset objects unloaded after import = 1
========================================================================
Received Import Request.
  Time since last request: 68.990507 seconds.
  path: Assets/Scenes/LVL_4.unity
  artifactKey: Guid(8c0a4ae2e62d1ad43a2937893ae3e069) Importer(815301076,1909f56bfc062723c751e8b465ee728b)
Start importing Assets/Scenes/LVL_4.unity using Guid(8c0a4ae2e62d1ad43a2937893ae3e069) Importer(815301076,1909f56bfc062723c751e8b465ee728b)  -> (artifact id: '9264eb2226ab7e4a41701ac897b08250') in 0.024106 seconds
Number of updated asset objects reloaded before import = 0
Number of asset objects unloaded after import = 0
========================================================================
Received Import Request.
  Time since last request: 9.345870 seconds.
  path: Assets/Scripts/SpaceShip
  artifactKey: Guid(9a9a1cae424545c4890833c310ae7af2) Importer(815301076,1909f56bfc062723c751e8b465ee728b)
Start importing Assets/Scripts/SpaceShip using Guid(9a9a1cae424545c4890833c310ae7af2) Importer(815301076,1909f56bfc062723c751e8b465ee728b)  -> (artifact id: 'afc2286da3657131514ce3b922515ce0') in 0.036860 seconds
Number of updated asset objects reloaded before import = 0
Number of asset objects unloaded after import = 0
========================================================================
Received Import Request.
  Time since last request: 6.427296 seconds.
  path: Assets/Scripts/Enemigos
  artifactKey: Guid(d195b862455e91b47bb32b25f393e74f) Importer(815301076,1909f56bfc062723c751e8b465ee728b)
Start importing Assets/Scripts/Enemigos using Guid(d195b862455e91b47bb32b25f393e74f) Importer(815301076,1909f56bfc062723c751e8b465ee728b)  -> (artifact id: '40f11cb57e9a663905687df8f44eaf50') in 0.015876 seconds
Number of updated asset objects reloaded before import = 0
Number of asset objects unloaded after import = 0
========================================================================
Received Import Request.
  Time since last request: 2.974513 seconds.
  path: Assets/Scripts/Enemigos/SpaceEnemy
  artifactKey: Guid(e9070d4884ba5a54eb680a55666153ab) Importer(815301076,1909f56bfc062723c751e8b465ee728b)
Start importing Assets/Scripts/Enemigos/SpaceEnemy using Guid(e9070d4884ba5a54eb680a55666153ab) Importer(815301076,1909f56bfc062723c751e8b465ee728b)  -> (artifact id: 'd2547bafbe0536ce8c6d9600afc77c8e') in 0.001484 seconds
Number of updated asset objects reloaded before import = 0
Number of asset objects unloaded after import = 0
========================================================================
Received Import Request.
  Time since last request: 1.415985 seconds.
  path: Assets/Scripts/Enemigos/SpaceEnemy/SpaceEnemyController.cs
  artifactKey: Guid(8264cd95eb5efee4eb3863580ec555ac) Importer(815301076,1909f56bfc062723c751e8b465ee728b)
Start importing Assets/Scripts/Enemigos/SpaceEnemy/SpaceEnemyController.cs using Guid(8264cd95eb5efee4eb3863580ec555ac) Importer(815301076,1909f56bfc062723c751e8b465ee728b)  -> (artifact id: '76ed11ed6fc47ff8b05154d113da0fa9') in 0.001489 seconds
Number of updated asset objects reloaded before import = 0
Number of asset objects unloaded after import = 0
========================================================================
Received Import Request.
  Time since last request: 25.323692 seconds.
  path: Assets/Scripts/Enemigos/SpaceEnemy/SpaceEnemyMovementState.cs
  artifactKey: Guid(771f9b849a8e6e248aaec84b99799720) Importer(815301076,1909f56bfc062723c751e8b465ee728b)
Start importing Assets/Scripts/Enemigos/SpaceEnemy/SpaceEnemyMovementState.cs using Guid(771f9b849a8e6e248aaec84b99799720) Importer(815301076,1909f56bfc062723c751e8b465ee728b)  -> (artifact id: '362c3ecd9f48907e618731b3e85417c3') in 0.029011 seconds
Number of updated asset objects reloaded before import = 0
Number of asset objects unloaded after import = 0
========================================================================
Received Import Request.
  Time since last request: 16.257203 seconds.
  path: Assets/Scripts/Enemigos/SpaceEnemy/SpaceEnemyDeathState.cs
  artifactKey: Guid(ec4e4640320708e49850e5b299ab7c01) Importer(815301076,1909f56bfc062723c751e8b465ee728b)
Start importing Assets/Scripts/Enemigos/SpaceEnemy/SpaceEnemyDeathState.cs using Guid(ec4e4640320708e49850e5b299ab7c01) Importer(815301076,1909f56bfc062723c751e8b465ee728b)  -> (artifact id: '1694b2289299188076b0a077cbb06a51') in 0.002039 seconds
Number of updated asset objects reloaded before import = 0
Number of asset objects unloaded after import = 0
========================================================================
Received Import Request.
  Time since last request: 33.626667 seconds.
  path: Assets/Scripts/Niveles
  artifactKey: Guid(2a389fbe61ee1ab4ebf7aba13c54ec0c) Importer(815301076,1909f56bfc062723c751e8b465ee728b)
Start importing Assets/Scripts/Niveles using Guid(2a389fbe61ee1ab4ebf7aba13c54ec0c) Importer(815301076,1909f56bfc062723c751e8b465ee728b)  -> (artifact id: '8f96c06173ebc4df19245023d607bb2b') in 0.001510 seconds
Number of updated asset objects reloaded before import = 0
Number of asset objects unloaded after import = 0
========================================================================
Received Import Request.
  Time since last request: 16.320685 seconds.
  path: Assets/Scripts/Niveles/ShipLevelManager.cs
  artifactKey: Guid(254d9b441db3dbd4b9132e80a921dbf5) Importer(815301076,1909f56bfc062723c751e8b465ee728b)
Start importing Assets/Scripts/Niveles/ShipLevelManager.cs using Guid(254d9b441db3dbd4b9132e80a921dbf5) Importer(815301076,1909f56bfc062723c751e8b465ee728b)  -> (artifact id: 'f4d8c0809877c5103673ca25224259a6') in 0.002133 seconds
Number of updated asset objects reloaded before import = 0
Number of asset objects unloaded after import = 0
