
=== Fri Apr 12 12:47:02 2024

Packages were changed.
Update Mode: updateDependencies

The following packages were updated:
  com.unity.ide.visualstudio from version 2.0.16 to 2.0.22
  com.unity.render-pipelines.universal from version 12.1.7 to 14.0.9
  com.unity.visualeffectgraph from version 12.1.7 to 14.0.9
  com.unity.visualscripting from version 1.7.8 to 1.9.1

=== Fri Apr 12 12:47:02 2024

Packages were changed.
Update Mode: mergeDefaultDependencies

The following packages were added:
  com.unity.2d.sprite@1.0.0
  com.unity.ide.visualstudio@2.0.22
  com.unity.ide.vscode@1.2.5
  com.unity.render-pipelines.universal@14.0.9
  com.unity.visualeffectgraph@14.0.9

=== Fri Apr 12 15:31:55 2024

Packages were changed.
Update Mode: updateDependencies

The following packages were updated:
  com.unity.cinemachine from version 2.3.4 to 2.9.5
  com.unity.collab-proxy from version 1.2.16 to 2.2.0
  com.unity.ext.nunit from version 1.0.0 to 1.0.6
  com.unity.ide.rider from version 1.1.0 to 3.0.27
  com.unity.ide.vscode from version 1.1.2 to 1.2.5
  com.unity.postprocessing from version 2.1.7 to 3.2.2
  com.unity.test-framework from version 1.0.13 to 1.1.33
  com.unity.textmeshpro from version 2.0.1 to 3.0.6
  com.unity.timeline from version 1.1.0 to 1.7.6
The following packages were removed:
  com.unity.package-manager-ui@2.2.0

=== Fri Apr 12 15:31:55 2024

Packages were changed.
Update Mode: mergeDefaultDependencies

The following packages were added:
  com.unity.cinemachine@2.9.5
  com.unity.ext.nunit@1.0.6
  com.unity.ide.rider@3.0.27
  com.unity.postprocessing@3.2.2
  com.unity.test-framework@1.1.33

=== Fri Apr 12 15:38:40 2024

Packages were changed.
Update Mode: updateDependencies

The following packages were updated:
  com.unity.cinemachine from version 2.3.4 to 2.9.5
  com.unity.collab-proxy from version 1.2.16 to 2.2.0
  com.unity.ext.nunit from version 1.0.0 to 1.0.6
  com.unity.ide.rider from version 1.1.0 to 3.0.27
  com.unity.ide.vscode from version 1.1.2 to 1.2.5
  com.unity.postprocessing from version 2.1.7 to 3.2.2
  com.unity.test-framework from version 1.0.13 to 1.1.33
  com.unity.textmeshpro from version 2.0.1 to 3.0.6
  com.unity.timeline from version 1.1.0 to 1.7.6
The following packages were removed:
  com.unity.package-manager-ui@2.2.0
